[0.556s] Invoking command in '/home/cadet/Documents/gate/ros2_ws/src/my_robot_controller': PYTHONPATH=/home/cadet/Documents/gate/ros2_ws/build/my_robot_controller/prefix_override:/home/cadet/Documents/gate/ros2_ws/install/my_robot_controller/lib/python3.10/site-packages:${PYTHONPATH} /usr/bin/python3 setup.py egg_info --egg-base ../../build/my_robot_controller build --build-base /home/cadet/Documents/gate/ros2_ws/build/my_robot_controller/build install --record /home/cadet/Documents/gate/ros2_ws/build/my_robot_controller/install.log --single-version-externally-managed
[0.735s] running egg_info
[0.736s] writing ../../build/my_robot_controller/my_robot_controller.egg-info/PKG-INFO
[0.736s] writing dependency_links to ../../build/my_robot_controller/my_robot_controller.egg-info/dependency_links.txt
[0.736s] writing entry points to ../../build/my_robot_controller/my_robot_controller.egg-info/entry_points.txt
[0.736s] writing requirements to ../../build/my_robot_controller/my_robot_controller.egg-info/requires.txt
[0.736s] writing top-level names to ../../build/my_robot_controller/my_robot_controller.egg-info/top_level.txt
[0.737s] reading manifest file '../../build/my_robot_controller/my_robot_controller.egg-info/SOURCES.txt'
[0.738s] writing manifest file '../../build/my_robot_controller/my_robot_controller.egg-info/SOURCES.txt'
[0.738s] running build
[0.738s] running build_py
[0.738s] copying my_robot_controller/noeud1.py -> /home/cadet/Documents/gate/ros2_ws/build/my_robot_controller/build/lib/my_robot_controller
[0.738s] running install
[0.738s] running install_lib
[0.739s] copying /home/cadet/Documents/gate/ros2_ws/build/my_robot_controller/build/lib/my_robot_controller/noeud1.py -> /home/cadet/Documents/gate/ros2_ws/install/my_robot_controller/lib/python3.10/site-packages/my_robot_controller
[0.739s] byte-compiling /home/cadet/Documents/gate/ros2_ws/install/my_robot_controller/lib/python3.10/site-packages/my_robot_controller/noeud1.py to noeud1.cpython-310.pyc
[0.740s] running install_data
[0.740s] running install_egg_info
[0.741s] removing '/home/cadet/Documents/gate/ros2_ws/install/my_robot_controller/lib/python3.10/site-packages/my_robot_controller-0.0.0-py3.10.egg-info' (and everything under it)
[0.741s] Copying ../../build/my_robot_controller/my_robot_controller.egg-info to /home/cadet/Documents/gate/ros2_ws/install/my_robot_controller/lib/python3.10/site-packages/my_robot_controller-0.0.0-py3.10.egg-info
[0.742s] running install_scripts
[0.756s] Installing test_node script to /home/cadet/Documents/gate/ros2_ws/install/my_robot_controller/lib/my_robot_controller
[0.756s] writing list of installed files to '/home/cadet/Documents/gate/ros2_ws/build/my_robot_controller/install.log'
[0.778s] Invoked command in '/home/cadet/Documents/gate/ros2_ws/src/my_robot_controller' returned '0': PYTHONPATH=/home/cadet/Documents/gate/ros2_ws/build/my_robot_controller/prefix_override:/home/cadet/Documents/gate/ros2_ws/install/my_robot_controller/lib/python3.10/site-packages:${PYTHONPATH} /usr/bin/python3 setup.py egg_info --egg-base ../../build/my_robot_controller build --build-base /home/cadet/Documents/gate/ros2_ws/build/my_robot_controller/build install --record /home/cadet/Documents/gate/ros2_ws/build/my_robot_controller/install.log --single-version-externally-managed
