[0.635s] Invoking command in '/home/cadet/Documents/gate/ros2_ws/src/my_robot_controller': PYTHONPATH=/home/cadet/Documents/gate/ros2_ws/build/my_robot_controller/prefix_override:/home/cadet/Documents/gate/ros2_ws/install/my_robot_controller/lib/python3.10/site-packages:${PYTHONPATH} /usr/bin/python3 setup.py egg_info --egg-base ../../build/my_robot_controller build --build-base /home/cadet/Documents/gate/ros2_ws/build/my_robot_controller/build install --record /home/cadet/Documents/gate/ros2_ws/build/my_robot_controller/install.log --single-version-externally-managed
[0.819s] running egg_info
[0.820s] writing ../../build/my_robot_controller/my_robot_controller.egg-info/PKG-INFO
[0.820s] writing dependency_links to ../../build/my_robot_controller/my_robot_controller.egg-info/dependency_links.txt
[0.820s] writing entry points to ../../build/my_robot_controller/my_robot_controller.egg-info/entry_points.txt
[0.820s] writing requirements to ../../build/my_robot_controller/my_robot_controller.egg-info/requires.txt
[0.821s] writing top-level names to ../../build/my_robot_controller/my_robot_controller.egg-info/top_level.txt
[0.822s] reading manifest file '../../build/my_robot_controller/my_robot_controller.egg-info/SOURCES.txt'
[0.823s] writing manifest file '../../build/my_robot_controller/my_robot_controller.egg-info/SOURCES.txt'
[0.823s] running build
[0.823s] running build_py
[0.823s] copying my_robot_controller/__init__.py -> /home/cadet/Documents/gate/ros2_ws/build/my_robot_controller/build/lib/my_robot_controller
[0.823s] copying my_robot_controller/noeud1.py -> /home/cadet/Documents/gate/ros2_ws/build/my_robot_controller/build/lib/my_robot_controller
[0.824s] running install
[0.824s] running install_lib
[0.825s] copying /home/cadet/Documents/gate/ros2_ws/build/my_robot_controller/build/lib/my_robot_controller/__init__.py -> /home/cadet/Documents/gate/ros2_ws/install/my_robot_controller/lib/python3.10/site-packages/my_robot_controller
[0.825s] copying /home/cadet/Documents/gate/ros2_ws/build/my_robot_controller/build/lib/my_robot_controller/noeud1.py -> /home/cadet/Documents/gate/ros2_ws/install/my_robot_controller/lib/python3.10/site-packages/my_robot_controller
[0.825s] byte-compiling /home/cadet/Documents/gate/ros2_ws/install/my_robot_controller/lib/python3.10/site-packages/my_robot_controller/__init__.py to __init__.cpython-310.pyc
[0.826s] byte-compiling /home/cadet/Documents/gate/ros2_ws/install/my_robot_controller/lib/python3.10/site-packages/my_robot_controller/noeud1.py to noeud1.cpython-310.pyc
[0.826s] running install_data
[0.827s] copying resource/my_robot_controller -> /home/cadet/Documents/gate/ros2_ws/install/my_robot_controller/share/ament_index/resource_index/packages
[0.827s] running install_egg_info
[0.828s] removing '/home/cadet/Documents/gate/ros2_ws/install/my_robot_controller/lib/python3.10/site-packages/my_robot_controller-0.0.0-py3.10.egg-info' (and everything under it)
[0.829s] Copying ../../build/my_robot_controller/my_robot_controller.egg-info to /home/cadet/Documents/gate/ros2_ws/install/my_robot_controller/lib/python3.10/site-packages/my_robot_controller-0.0.0-py3.10.egg-info
[0.829s] running install_scripts
[0.844s] writing list of installed files to '/home/cadet/Documents/gate/ros2_ws/build/my_robot_controller/install.log'
[0.866s] Invoked command in '/home/cadet/Documents/gate/ros2_ws/src/my_robot_controller' returned '0': PYTHONPATH=/home/cadet/Documents/gate/ros2_ws/build/my_robot_controller/prefix_override:/home/cadet/Documents/gate/ros2_ws/install/my_robot_controller/lib/python3.10/site-packages:${PYTHONPATH} /usr/bin/python3 setup.py egg_info --egg-base ../../build/my_robot_controller build --build-base /home/cadet/Documents/gate/ros2_ws/build/my_robot_controller/build install --record /home/cadet/Documents/gate/ros2_ws/build/my_robot_controller/install.log --single-version-externally-managed
